Determining if the mach_absolute_time exist failed with the following output:
Change Dir: /home/kevin/.emacs.d/elpa/rtags-20200221.36/rtags-2.38/CMakeFiles/CMakeTmp

Run Build Command(s):/usr/bin/make cmTC_7fd61/fast && /usr/bin/make -f CMakeFiles/cmTC_7fd61.dir/build.make CMakeFiles/cmTC_7fd61.dir/build
make[1]: 进入目录“/home/kevin/.emacs.d/elpa/rtags-20200221.36/rtags-2.38/CMakeFiles/CMakeTmp”
Building CXX object CMakeFiles/cmTC_7fd61.dir/CheckSymbolExists.cxx.o
/usr/bin/c++    -Wzero-as-null-pointer-constant -I/usr/lib/llvm-9/include -D_GNU_SOURCE -D__STDC_CONSTANT_MACROS -D__STDC_FORMAT_MACROS -D__STDC_LIMIT_MACROS -Wall -Wextra -Wpointer-arith -Wnon-virtual-dtor -Wformat -Wshadow -std=c++11 -pthread    -o CMakeFiles/cmTC_7fd61.dir/CheckSymbolExists.cxx.o -c /home/kevin/.emacs.d/elpa/rtags-20200221.36/rtags-2.38/CMakeFiles/CMakeTmp/CheckSymbolExists.cxx
/home/kevin/.emacs.d/elpa/rtags-20200221.36/rtags-2.38/CMakeFiles/CMakeTmp/CheckSymbolExists.cxx:2:10: fatal error: mach/mach.h: 没有那个文件或目录
 #include <mach/mach.h>
          ^~~~~~~~~~~~~
compilation terminated.
CMakeFiles/cmTC_7fd61.dir/build.make:65: recipe for target 'CMakeFiles/cmTC_7fd61.dir/CheckSymbolExists.cxx.o' failed
make[1]: *** [CMakeFiles/cmTC_7fd61.dir/CheckSymbolExists.cxx.o] Error 1
make[1]: 离开目录“/home/kevin/.emacs.d/elpa/rtags-20200221.36/rtags-2.38/CMakeFiles/CMakeTmp”
Makefile:121: recipe for target 'cmTC_7fd61/fast' failed
make: *** [cmTC_7fd61/fast] Error 2


File /home/kevin/.emacs.d/elpa/rtags-20200221.36/rtags-2.38/CMakeFiles/CMakeTmp/CheckSymbolExists.cxx:
/* */
#include <mach/mach.h>
#include <mach/mach_time.h>

int main(int argc, char** argv)
{
  (void)argv;
#ifndef mach_absolute_time
  return ((int*)(&mach_absolute_time))[argc];
#else
  (void)argc;
  return 0;
#endif
}
Determining if the kqueue exist failed with the following output:
Change Dir: /home/kevin/.emacs.d/elpa/rtags-20200221.36/rtags-2.38/CMakeFiles/CMakeTmp

Run Build Command(s):/usr/bin/make cmTC_595fd/fast && /usr/bin/make -f CMakeFiles/cmTC_595fd.dir/build.make CMakeFiles/cmTC_595fd.dir/build
make[1]: 进入目录“/home/kevin/.emacs.d/elpa/rtags-20200221.36/rtags-2.38/CMakeFiles/CMakeTmp”
Building CXX object CMakeFiles/cmTC_595fd.dir/CheckSymbolExists.cxx.o
/usr/bin/c++    -Wzero-as-null-pointer-constant -I/usr/lib/llvm-9/include -D_GNU_SOURCE -D__STDC_CONSTANT_MACROS -D__STDC_FORMAT_MACROS -D__STDC_LIMIT_MACROS -Wall -Wextra -Wpointer-arith -Wnon-virtual-dtor -Wformat -Wshadow -std=c++11 -pthread    -o CMakeFiles/cmTC_595fd.dir/CheckSymbolExists.cxx.o -c /home/kevin/.emacs.d/elpa/rtags-20200221.36/rtags-2.38/CMakeFiles/CMakeTmp/CheckSymbolExists.cxx
/home/kevin/.emacs.d/elpa/rtags-20200221.36/rtags-2.38/CMakeFiles/CMakeTmp/CheckSymbolExists.cxx:3:10: fatal error: sys/event.h: 没有那个文件或目录
 #include <sys/event.h>
          ^~~~~~~~~~~~~
compilation terminated.
CMakeFiles/cmTC_595fd.dir/build.make:65: recipe for target 'CMakeFiles/cmTC_595fd.dir/CheckSymbolExists.cxx.o' failed
make[1]: *** [CMakeFiles/cmTC_595fd.dir/CheckSymbolExists.cxx.o] Error 1
make[1]: 离开目录“/home/kevin/.emacs.d/elpa/rtags-20200221.36/rtags-2.38/CMakeFiles/CMakeTmp”
Makefile:121: recipe for target 'cmTC_595fd/fast' failed
make: *** [cmTC_595fd/fast] Error 2


File /home/kevin/.emacs.d/elpa/rtags-20200221.36/rtags-2.38/CMakeFiles/CMakeTmp/CheckSymbolExists.cxx:
/* */
#include <sys/types.h>
#include <sys/event.h>

int main(int argc, char** argv)
{
  (void)argv;
#ifndef kqueue
  return ((int*)(&kqueue))[argc];
#else
  (void)argc;
  return 0;
#endif
}
Determining if the SO_NOSIGPIPE exist failed with the following output:
Change Dir: /home/kevin/.emacs.d/elpa/rtags-20200221.36/rtags-2.38/CMakeFiles/CMakeTmp

Run Build Command(s):/usr/bin/make cmTC_9960b/fast && /usr/bin/make -f CMakeFiles/cmTC_9960b.dir/build.make CMakeFiles/cmTC_9960b.dir/build
make[1]: 进入目录“/home/kevin/.emacs.d/elpa/rtags-20200221.36/rtags-2.38/CMakeFiles/CMakeTmp”
Building CXX object CMakeFiles/cmTC_9960b.dir/CheckSymbolExists.cxx.o
/usr/bin/c++    -Wzero-as-null-pointer-constant -I/usr/lib/llvm-9/include -D_GNU_SOURCE -D__STDC_CONSTANT_MACROS -D__STDC_FORMAT_MACROS -D__STDC_LIMIT_MACROS -Wall -Wextra -Wpointer-arith -Wnon-virtual-dtor -Wformat -Wshadow -std=c++11 -pthread    -o CMakeFiles/cmTC_9960b.dir/CheckSymbolExists.cxx.o -c /home/kevin/.emacs.d/elpa/rtags-20200221.36/rtags-2.38/CMakeFiles/CMakeTmp/CheckSymbolExists.cxx
/home/kevin/.emacs.d/elpa/rtags-20200221.36/rtags-2.38/CMakeFiles/CMakeTmp/CheckSymbolExists.cxx: In function ‘int main(int, char**)’:
/home/kevin/.emacs.d/elpa/rtags-20200221.36/rtags-2.38/CMakeFiles/CMakeTmp/CheckSymbolExists.cxx:9:19: error: ‘SO_NOSIGPIPE’ was not declared in this scope
   return ((int*)(&SO_NOSIGPIPE))[argc];
                   ^~~~~~~~~~~~
/home/kevin/.emacs.d/elpa/rtags-20200221.36/rtags-2.38/CMakeFiles/CMakeTmp/CheckSymbolExists.cxx:9:19: note: suggested alternative: ‘SO_OOBINLINE’
   return ((int*)(&SO_NOSIGPIPE))[argc];
                   ^~~~~~~~~~~~
                   SO_OOBINLINE
CMakeFiles/cmTC_9960b.dir/build.make:65: recipe for target 'CMakeFiles/cmTC_9960b.dir/CheckSymbolExists.cxx.o' failed
make[1]: *** [CMakeFiles/cmTC_9960b.dir/CheckSymbolExists.cxx.o] Error 1
make[1]: 离开目录“/home/kevin/.emacs.d/elpa/rtags-20200221.36/rtags-2.38/CMakeFiles/CMakeTmp”
Makefile:121: recipe for target 'cmTC_9960b/fast' failed
make: *** [cmTC_9960b/fast] Error 2


File /home/kevin/.emacs.d/elpa/rtags-20200221.36/rtags-2.38/CMakeFiles/CMakeTmp/CheckSymbolExists.cxx:
/* */
#include <sys/types.h>
#include <sys/socket.h>

int main(int argc, char** argv)
{
  (void)argv;
#ifndef SO_NOSIGPIPE
  return ((int*)(&SO_NOSIGPIPE))[argc];
#else
  (void)argc;
  return 0;
#endif
}
Determining if the GetLogicalProcessorInformation exist failed with the following output:
Change Dir: /home/kevin/.emacs.d/elpa/rtags-20200221.36/rtags-2.38/CMakeFiles/CMakeTmp

Run Build Command(s):/usr/bin/make cmTC_81905/fast && /usr/bin/make -f CMakeFiles/cmTC_81905.dir/build.make CMakeFiles/cmTC_81905.dir/build
make[1]: 进入目录“/home/kevin/.emacs.d/elpa/rtags-20200221.36/rtags-2.38/CMakeFiles/CMakeTmp”
Building CXX object CMakeFiles/cmTC_81905.dir/CheckSymbolExists.cxx.o
/usr/bin/c++    -Wzero-as-null-pointer-constant -I/usr/lib/llvm-9/include -D_GNU_SOURCE -D__STDC_CONSTANT_MACROS -D__STDC_FORMAT_MACROS -D__STDC_LIMIT_MACROS -Wall -Wextra -Wpointer-arith -Wnon-virtual-dtor -Wformat -Wshadow -std=c++11 -pthread    -o CMakeFiles/cmTC_81905.dir/CheckSymbolExists.cxx.o -c /home/kevin/.emacs.d/elpa/rtags-20200221.36/rtags-2.38/CMakeFiles/CMakeTmp/CheckSymbolExists.cxx
/home/kevin/.emacs.d/elpa/rtags-20200221.36/rtags-2.38/CMakeFiles/CMakeTmp/CheckSymbolExists.cxx:2:10: fatal error: windows.h: 没有那个文件或目录
 #include <windows.h>
          ^~~~~~~~~~~
compilation terminated.
CMakeFiles/cmTC_81905.dir/build.make:65: recipe for target 'CMakeFiles/cmTC_81905.dir/CheckSymbolExists.cxx.o' failed
make[1]: *** [CMakeFiles/cmTC_81905.dir/CheckSymbolExists.cxx.o] Error 1
make[1]: 离开目录“/home/kevin/.emacs.d/elpa/rtags-20200221.36/rtags-2.38/CMakeFiles/CMakeTmp”
Makefile:121: recipe for target 'cmTC_81905/fast' failed
make: *** [cmTC_81905/fast] Error 2


File /home/kevin/.emacs.d/elpa/rtags-20200221.36/rtags-2.38/CMakeFiles/CMakeTmp/CheckSymbolExists.cxx:
/* */
#include <windows.h>

int main(int argc, char** argv)
{
  (void)argv;
#ifndef GetLogicalProcessorInformation
  return ((int*)(&GetLogicalProcessorInformation))[argc];
#else
  (void)argc;
  return 0;
#endif
}
